1.080 Eth: cacl: 11232168186912128, real: 11171071212995643, 1.0054692135383945
1.081 Eth: cacl: 11232488940113408, real: 11171279904124226, 1.005479142633118
1.082 Eth: cacl: 11232791231220736, real: 11171470032559418, 1.0054890894826372
1.083 Eth: cacl: 11233075060745216, real: 11171641598818068, 1.0054990541348594
1.084 Eth: cacl: 11233340429197696, real: 11171794603416768, 1.0055090366378652
1.085 Eth: cacl: 11233587337089536, real: 11171929046872337, 1.0055190370399336
1.086 Eth: cacl: 11233815784931840, real: 11172044929701646, 1.0055290553894902
1.087 Eth: cacl: 11234025773235328, real: 11172142252421171, 1.0055390917351366
1.088 Eth: cacl: 11234217302511232, real: 11172221015547440, 1.0055491461256914
1.089 Eth: cacl: 11234390373270400, real: 11172281219597209, 1.0055592186100941
1.090 Eth: cacl: 11234544986023936, real: 11172322865087285, 1.0055693092374811
1.091 Eth: cacl: 11234681141282688, real: 11172345952533927, 1.0055794180571918
1.092 Eth: cacl: 11234798839557632, real: 11172350482453910, 1.0055895451187105
1.093 Eth: cacl: 11234898081359744, real: 11172336455363771, 1.005599690471722
1.094 Eth: cacl: 11234978867199872, real: 11172303871779943, 1.00560985416609
1.095 Eth: cacl: 11235041197588864, real: 11172252732219088, 1.0056200362518388
1.096 Eth: cacl: 11235085073037568, real: 11172183037197607, 1.0056302367791978
1.097 Eth: cacl: 11235110494056960, real: 11172094787231975, 1.0056404557985852
1.098 Eth: cacl: 11235117461157632, real: 11171987982838717, 1.005650693360563
1.099 Eth: cacl: 11235105974850560, real: 11171862624534275, 1.0056609495159203
1.100 Eth: cacl: 11235076035646464, real: 11171718712835143, 1.0056712243156043
1.101 Eth: cacl: 11235027644056320, real: 11171556248257422, 1.0056815178108063
1.102 Eth: cacl: 11234960800590208, real: 11171375231317729, 1.0056918300527784
1.103 Eth: cacl: 11234875505759744, real: 11171175662532443, 1.00570216109312
1.104 Eth: cacl: 11234771760075136, real: 11170957542417996, 1.005712510983488
1.105 Eth: cacl: 11234649564047232, real: 11170720871490425, 1.0057228797758222
1.106 Eth: cacl: 11234508918186624, real: 11170465650266283, 1.0057332675221837
1.107 Eth: cacl: 11234349823003904, real: 11170191879261576, 1.0057436742748747
1.108 Eth: cacl: 11234172279009792, real: 11169899558992983, 1.00575410008634
1.109 Eth: cacl: 11233976286714880, real: 11169588689976478, 1.00576454500927
1.110 Eth: cacl: 11233761846629888, real: 11169259272728241, 1.0057750090965425
1.111 Eth: cacl: 11233528959265152, real: 11168911307764681, 1.005785492401175
1.112 Eth: cacl: 11233277625131392, real: 11168544795601947, 1.0057959949764392
1.113 Eth: cacl: 11233007844738944, real: 11168159736755949, 1.0058065168757904
1.114 Eth: cacl: 11232719618598656, real: 11167756131743116, 1.0058170581528807
1.115 Eth: cacl: 11232412947220864, real: 11167333981079638, 1.0058276188615374
1.116 Eth: cacl: 11232087831115904, real: 11166893285281602, 1.0058381990557956
1.117 Eth: cacl: 11231744270794624, real: 11166434044864698, 1.0058487987899738
1.118 Eth: cacl: 11231382266767104, real: 11165956260345448, 1.005859418118447
1.119 Eth: cacl: 11231001819543808, real: 11165459932239979, 1.0058700570958639
1.120 Eth: cacl: 11230602929635456, real: 11164945061063847, 1.0058807157771499
