1.080 ETH, quoter:    11171071212995643, formula:    11171071212995456, 1.0000000000000167
1.081 ETH, quoter:    11171279904124226, formula:    11171279904124160, 1.000000000000006
1.082 ETH, quoter:    11171470032559418, formula:    11171470032558848, 1.000000000000051
1.083 ETH, quoter:    11171641598818068, formula:    11171641598818048, 1.0000000000000018
1.084 ETH, quoter:    11171794603416768, formula:    11171794603416576, 1.000000000000017
1.085 ETH, quoter:    11171929046872337, formula:    11171929046872192, 1.0000000000000129
1.086 ETH, quoter:    11172044929701646, formula:    11172044929701504, 1.0000000000000127
1.087 ETH, quoter:    11172142252421171, formula:    11172142252420992, 1.000000000000016
1.088 ETH, quoter:    11172221015547440, formula:    11172221015547136, 1.0000000000000273
1.089 ETH, quoter:    11172281219597209, formula:    11172281219597184, 1.0000000000000022
1.090 ETH, quoter:    11172322865087285, formula:    11172322865086976, 1.0000000000000278
1.091 ETH, quoter:    11172345952533927, formula:    11172345952533760, 1.0000000000000149
1.092 ETH, quoter:    11172350482453910, formula:    11172350482453760, 1.0000000000000133
1.093 ETH, quoter:    11172336455363771, formula:    11172336455363456, 1.0000000000000282
1.094 ETH, quoter:    11172303871779943, formula:    11172303871779584, 1.0000000000000322
1.095 ETH, quoter:    11172252732219088, formula:    11172252732218880, 1.0000000000000187
1.096 ETH, quoter:    11172183037197607, formula:    11172183037197440, 1.0000000000000149
1.097 ETH, quoter:    11172094787231975, formula:    11172094787231616, 1.0000000000000322
1.098 ETH, quoter:    11171987982838717, formula:    11171987982838528, 1.0000000000000169
1.099 ETH, quoter:    11171862624534275, formula:    11171862624534272, 1.0000000000000002
1.100 ETH, quoter:    11171718712835143, formula:    11171718712834816, 1.0000000000000293
1.101 ETH, quoter:    11171556248257422, formula:    11171556248257024, 1.0000000000000355
1.102 ETH, quoter:    11171375231317729, formula:    11171375231317504, 1.0000000000000202
1.103 ETH, quoter:    11171175662532443, formula:    11171175662532224, 1.0000000000000195
1.104 ETH, quoter:    11170957542417996, formula:    11170957542417664, 1.0000000000000298
1.105 ETH, quoter:    11170720871490425, formula:    11170720871490304, 1.0000000000000109
1.106 ETH, quoter:    11170465650266283, formula:    11170465650266112, 1.0000000000000153
1.107 ETH, quoter:    11170191879261576, formula:    11170191879261312, 1.0000000000000235
1.108 ETH, quoter:    11169899558992983, formula:    11169899558992768, 1.0000000000000193
1.109 ETH, quoter:    11169588689976478, formula:    11169588689976320, 1.0000000000000142
1.110 ETH, quoter:    11169259272728241, formula:    11169259272727936, 1.0000000000000273
1.111 ETH, quoter:    11168911307764681, formula:    11168911307764736, 0.9999999999999951
1.112 ETH, quoter:    11168544795601947, formula:    11168544795601920, 1.0000000000000024
1.113 ETH, quoter:    11168159736755949, formula:    11168159736755840, 1.0000000000000098
1.114 ETH, quoter:    11167756131743116, formula:    11167756131742976, 1.0000000000000124
1.115 ETH, quoter:    11167333981079638, formula:    11167333981079552, 1.0000000000000078
1.116 ETH, quoter:    11166893285281602, formula:    11166893285281280, 1.0000000000000289
1.117 ETH, quoter:    11166434044864698, formula:    11166434044864512, 1.0000000000000167
1.118 ETH, quoter:    11165956260345448, formula:    11165956260345344, 1.0000000000000093
1.119 ETH, quoter:    11165459932239979, formula:    11165459932239872, 1.0000000000000095
1.120 ETH, quoter:    11164945061063847, formula:    11164945061063552, 1.0000000000000264
